

[2026-05-22][00:41:39] [INFO] Starting to Parse all the given mapping files.
[2026-05-22][00:41:39] [INFO] Parsing File ID:  1 PATH: "/tmp/tmpi2dh_gcb/RMLTC0008c-SPARQL/mapping.ttl"
[2026-05-22][00:41:39] [WARNING] An Unidentified Element has appeared in the Term Index: 30. Term: a. Last Mapping: InputSPARQL Last Token: <#InputSPARQL>
[2026-05-22][00:41:39] [WARNING] An Unidentified Element has appeared in the Term Index: 31. Term: sd:Service. Last Mapping: InputSPARQL Last Token: a
[2026-05-22][00:41:39] [WARNING] An Unidentified Element has appeared in the Term Index: 32. Term: sd:endpoint. Last Mapping: InputSPARQL Last Token: sd:Service
[2026-05-22][00:41:39] [WARNING] An Unidentified Element has appeared in the Term Index: 33. Term: <http://localhost:PORT/ds1/sparql>. Last Mapping: InputSPARQL Last Token: sd:endpoint
[2026-05-22][00:41:39] [WARNING] An Unidentified Element has appeared in the Term Index: 34. Term: sd:supportedLanguage. Last Mapping: InputSPARQL Last Token: <http://localhost:PORT/ds1/sparql>
[2026-05-22][00:41:39] [WARNING] An Unidentified Element has appeared in the Term Index: 35. Term: sd:SPARQL11Query. Last Mapping: InputSPARQL Last Token: sd:supportedLanguage
[2026-05-22][00:41:39] [WARNING] An Unidentified Element has appeared in the Term Index: 36. Term: sd:resultFormat. Last Mapping: InputSPARQL Last Token: sd:SPARQL11Query
[2026-05-22][00:41:39] [WARNING] An Unidentified Element has appeared in the Term Index: 37. Term: <http://www.w3.org/ns/formats/SPARQL_Results_JSON>. Last Mapping: InputSPARQL Last Token: sd:resultFormat
[2026-05-22][00:41:39] [WARNING] An Unidentified Element has appeared in the Term Index: 38. Term: .. Last Mapping: InputSPARQL Last Token: <http://www.w3.org/ns/formats/SPARQL_Results_JSON>
[2026-05-22][00:41:39] [WARNING] Some unknown tokens has appeared in the logicalSource, TOKEN: rml:query LAST MAP: TriplesMap1
[2026-05-22][00:41:39] [WARNING] Some unknown tokens has appeared in the logicalSource, TOKEN: """ LAST MAP: TriplesMap1
[2026-05-22][00:41:39] [WARNING] Some unknown tokens has appeared in the logicalSource, TOKEN: PREFIX LAST MAP: TriplesMap1
[2026-05-22][00:41:39] [WARNING] Some unknown tokens has appeared in the logicalSource, TOKEN: rdfs: LAST MAP: TriplesMap1
[2026-05-22][00:41:39] [WARNING] Some unknown tokens has appeared in the logicalSource, TOKEN: <http://www.w3.org/2000/01/rdf-schema#> LAST MAP: TriplesMap1
[2026-05-22][00:41:39] [WARNING] Some unknown tokens has appeared in the logicalSource, TOKEN: PREFIX LAST MAP: TriplesMap1
[2026-05-22][00:41:39] [WARNING] Some unknown tokens has appeared in the logicalSource, TOKEN: foaf: LAST MAP: TriplesMap1
[2026-05-22][00:41:39] [WARNING] Some unknown tokens has appeared in the logicalSource, TOKEN: <http://xmlns.com/foaf/0.1/> LAST MAP: TriplesMap1
[2026-05-22][00:41:39] [WARNING] Some unknown tokens has appeared in the logicalSource, TOKEN: PREFIX LAST MAP: TriplesMap1
[2026-05-22][00:41:39] [WARNING] Some unknown tokens has appeared in the logicalSource, TOKEN: rdf: LAST MAP: TriplesMap1
[2026-05-22][00:41:39] [WARNING] Some unknown tokens has appeared in the logicalSource, TOKEN: <http://www.w3.org/1999/02/22-rdf-syntax-ns#> LAST MAP: TriplesMap1
[2026-05-22][00:41:39] [WARNING] Some unknown tokens has appeared in the logicalSource, TOKEN: SELECT LAST MAP: TriplesMap1
[2026-05-22][00:41:39] [WARNING] Some unknown tokens has appeared in the logicalSource, TOKEN: ?Name LAST MAP: TriplesMap1
[2026-05-22][00:41:39] [WARNING] Some unknown tokens has appeared in the logicalSource, TOKEN: ?ID LAST MAP: TriplesMap1
[2026-05-22][00:41:39] [WARNING] Some unknown tokens has appeared in the logicalSource, TOKEN: WHERE LAST MAP: TriplesMap1
[2026-05-22][00:41:39] [WARNING] Some unknown tokens has appeared in the logicalSource, TOKEN: { LAST MAP: TriplesMap1
[2026-05-22][00:41:39] [WARNING] Some unknown tokens has appeared in the logicalSource, TOKEN: ?x LAST MAP: TriplesMap1
[2026-05-22][00:41:39] [WARNING] Some unknown tokens has appeared in the logicalSource, TOKEN: foaf:name LAST MAP: TriplesMap1
[2026-05-22][00:41:39] [WARNING] Some unknown tokens has appeared in the logicalSource, TOKEN: ?Name LAST MAP: TriplesMap1
[2026-05-22][00:41:39] [WARNING] Some unknown tokens has appeared in the logicalSource, TOKEN: rdf:ID LAST MAP: TriplesMap1
[2026-05-22][00:41:39] [WARNING] Some unknown tokens has appeared in the logicalSource, TOKEN: ?ID LAST MAP: TriplesMap1
[2026-05-22][00:41:39] [WARNING] Some unknown tokens has appeared in the logicalSource, TOKEN: } LAST MAP: TriplesMap1
[2026-05-22][00:41:39] [WARNING] Some unknown tokens has appeared in the logicalSource, TOKEN: """ LAST MAP: TriplesMap1
[2026-05-22][00:41:39] [WARNING] An Unidentified Element has appeared in the Term Index: 91. Term: .. Last Mapping: TriplesMap1 Last Token: ]
[2026-05-22][00:41:39] [ERROR] Mapping: InputSPARQL. There is no logical sources in the mapping or there are too many. Current Ammount: 0 Valid Ammount: 1
[2026-05-22][00:41:39] [ERROR] Process Finished Due to an error. ERROR CODE: MissingLogicalSource
