

[2026-05-22][00:41:54] [INFO] Starting to Parse all the given mapping files.
[2026-05-22][00:41:54] [INFO] Parsing File ID:  1 PATH: "/tmp/tmp8rml1u7m/RMLTC0009a-XML/mapping.ttl"
[2026-05-22][00:41:54] [WARNING] An unknown tokens has appeared in the objectMap parser, TOKEN: a, NEXT TOKEN: rr:RefObjectMap, LAST MAP: TriplesMap1
[2026-05-22][00:41:54] [WARNING] An unknown tokens has appeared in the objectMap parser, TOKEN: rr:RefObjectMap, NEXT TOKEN: rr:parentTriplesMap, LAST MAP: TriplesMap1
[2026-05-22][00:41:54] [WARNING] An Unidentified Element has appeared in the Term Index: 72. Term: .. Last Mapping: TriplesMap1 Last Token: ]
[2026-05-22][00:41:54] [PERFORMANCE INFO] The Procedure: "Parsing Mapping Files" Requiered the following time: 3 ms


[2026-05-22][00:41:54] [INFO] Starting to Read and Store all required data files
[2026-05-22][00:41:54] [INFO] Opening File: sport.xml
[2026-05-22][00:41:54] [INFO] Opening File: student.xml
[2026-05-22][00:41:54] [INFO] All the files is estimated to requiere 0 MB, TMP Database will be created in memory
[2026-05-22][00:41:54] [INFO] The following table was created in the database: "db-sport-XML-/sports/sport"
[2026-05-22][00:41:54] [INFO] The following table was created in the database: "db-student-XML-/students/student"
[2026-05-22][00:41:54] [INFO] File with ID:      0 was readed and closed.
[2026-05-22][00:41:54] [INFO] File with ID:      1 was readed and closed.
[2026-05-22][00:41:54] [PERFORMANCE INFO] The Procedure: "Reading and Storing Data Files" Requiered the following time: 0 ms


[2026-05-22][00:41:54] [INFO] Starting to create the RDF File from Mapping and Data Files
[2026-05-22][00:41:54] [INFO] RDF FROM DB TABLE: "db-student-XML-/students/student" AND MAP: TriplesMap1
[2026-05-22][00:41:54] [INFO] RDF FROM DB TABLE: "db-sport-XML-/sports/sport"   AND MAP: TriplesMap2
[2026-05-22][00:41:54] [PERFORMANCE INFO] The Procedure: "Create RDF File with all Data and Mappings" Requiered the following time: 0 ms
[2026-05-22][00:41:54] [INFO] Process Finished :) :) :)
