

[2026-05-22][00:41:35] [INFO] Starting to Parse all the given mapping files.
[2026-05-22][00:41:35] [INFO] Parsing File ID:  1 PATH: "/tmp/tmps2k7ywdb/RMLTC0008b-SPARQL/mapping.ttl"
[2026-05-22][00:41:35] [WARNING] An Unidentified Element has appeared in the Term Index: 39. Term: a. Last Mapping: InputSPARQL Last Token: <#InputSPARQL>
[2026-05-22][00:41:35] [WARNING] An Unidentified Element has appeared in the Term Index: 40. Term: sd:Service. Last Mapping: InputSPARQL Last Token: a
[2026-05-22][00:41:35] [WARNING] An Unidentified Element has appeared in the Term Index: 41. Term: sd:endpoint. Last Mapping: InputSPARQL Last Token: sd:Service
[2026-05-22][00:41:35] [WARNING] An Unidentified Element has appeared in the Term Index: 42. Term: <http://localhost:PORT/ds1/sparql>. Last Mapping: InputSPARQL Last Token: sd:endpoint
[2026-05-22][00:41:35] [WARNING] An Unidentified Element has appeared in the Term Index: 43. Term: sd:supportedLanguage. Last Mapping: InputSPARQL Last Token: <http://localhost:PORT/ds1/sparql>
[2026-05-22][00:41:35] [WARNING] An Unidentified Element has appeared in the Term Index: 44. Term: sd:SPARQL11Query. Last Mapping: InputSPARQL Last Token: sd:supportedLanguage
[2026-05-22][00:41:35] [WARNING] An Unidentified Element has appeared in the Term Index: 45. Term: sd:resultFormat. Last Mapping: InputSPARQL Last Token: sd:SPARQL11Query
[2026-05-22][00:41:35] [WARNING] An Unidentified Element has appeared in the Term Index: 46. Term: <http://www.w3.org/ns/formats/SPARQL_Results_JSON>. Last Mapping: InputSPARQL Last Token: sd:resultFormat
[2026-05-22][00:41:35] [WARNING] An Unidentified Element has appeared in the Term Index: 47. Term: .. Last Mapping: InputSPARQL Last Token: <http://www.w3.org/ns/formats/SPARQL_Results_JSON>
[2026-05-22][00:41:35] [WARNING] Some unknown tokens has appeared in the logicalSource, TOKEN: rml:query LAST MAP: TriplesMap2
[2026-05-22][00:41:35] [WARNING] Some unknown tokens has appeared in the logicalSource, TOKEN: """ LAST MAP: TriplesMap2
[2026-05-22][00:41:35] [WARNING] Some unknown tokens has appeared in the logicalSource, TOKEN: PREFIX LAST MAP: TriplesMap2
[2026-05-22][00:41:35] [WARNING] Some unknown tokens has appeared in the logicalSource, TOKEN: rdfs: LAST MAP: TriplesMap2
[2026-05-22][00:41:35] [WARNING] Some unknown tokens has appeared in the logicalSource, TOKEN: <http://www.w3.org/2000/01/rdf-schema#> LAST MAP: TriplesMap2
[2026-05-22][00:41:35] [WARNING] Some unknown tokens has appeared in the logicalSource, TOKEN: PREFIX LAST MAP: TriplesMap2
[2026-05-22][00:41:35] [WARNING] Some unknown tokens has appeared in the logicalSource, TOKEN: foaf: LAST MAP: TriplesMap2
[2026-05-22][00:41:35] [WARNING] Some unknown tokens has appeared in the logicalSource, TOKEN: <http://xmlns.com/foaf/0.1/> LAST MAP: TriplesMap2
[2026-05-22][00:41:35] [WARNING] Some unknown tokens has appeared in the logicalSource, TOKEN: PREFIX LAST MAP: TriplesMap2
[2026-05-22][00:41:35] [WARNING] Some unknown tokens has appeared in the logicalSource, TOKEN: rdf: LAST MAP: TriplesMap2
[2026-05-22][00:41:35] [WARNING] Some unknown tokens has appeared in the logicalSource, TOKEN: <http://www.w3.org/1999/02/22-rdf-syntax-ns#> LAST MAP: TriplesMap2
[2026-05-22][00:41:35] [WARNING] Some unknown tokens has appeared in the logicalSource, TOKEN: SELECT LAST MAP: TriplesMap2
[2026-05-22][00:41:35] [WARNING] Some unknown tokens has appeared in the logicalSource, TOKEN: ?Sport LAST MAP: TriplesMap2
[2026-05-22][00:41:35] [WARNING] Some unknown tokens has appeared in the logicalSource, TOKEN: WHERE LAST MAP: TriplesMap2
[2026-05-22][00:41:35] [WARNING] Some unknown tokens has appeared in the logicalSource, TOKEN: { LAST MAP: TriplesMap2
[2026-05-22][00:41:35] [WARNING] Some unknown tokens has appeared in the logicalSource, TOKEN: ?x LAST MAP: TriplesMap2
[2026-05-22][00:41:35] [WARNING] Some unknown tokens has appeared in the logicalSource, TOKEN: a LAST MAP: TriplesMap2
[2026-05-22][00:41:35] [WARNING] Some unknown tokens has appeared in the logicalSource, TOKEN: <http://example.com/Sport> LAST MAP: TriplesMap2
[2026-05-22][00:41:35] [WARNING] Some unknown tokens has appeared in the logicalSource, TOKEN: . LAST MAP: TriplesMap2
[2026-05-22][00:41:35] [WARNING] Some unknown tokens has appeared in the logicalSource, TOKEN: ?x LAST MAP: TriplesMap2
[2026-05-22][00:41:35] [WARNING] Some unknown tokens has appeared in the logicalSource, TOKEN: foaf:name LAST MAP: TriplesMap2
[2026-05-22][00:41:35] [WARNING] Some unknown tokens has appeared in the logicalSource, TOKEN: ?Sport LAST MAP: TriplesMap2
[2026-05-22][00:41:35] [WARNING] Some unknown tokens has appeared in the logicalSource, TOKEN: . LAST MAP: TriplesMap2
[2026-05-22][00:41:35] [WARNING] Some unknown tokens has appeared in the logicalSource, TOKEN: } LAST MAP: TriplesMap2
[2026-05-22][00:41:35] [WARNING] Some unknown tokens has appeared in the logicalSource, TOKEN: """ LAST MAP: TriplesMap2
[2026-05-22][00:41:35] [ERROR] Unknown Token has Appeared in a PredicateMap: rr:object LAST MAP: TriplesMap2
[2026-05-22][00:41:35] [ERROR] Process Finished Due to an error. ERROR CODE: IncorrectMappingFormat
