

[2026-05-22][00:41:41] [INFO] Starting to Parse all the given mapping files.
[2026-05-22][00:41:41] [INFO] Parsing File ID:  1 PATH: "/tmp/tmpxr164blz/RMLTC0009a-CSV/mapping.ttl"
[2026-05-22][00:41:41] [WARNING] An unknown tokens has appeared in the objectMap parser, TOKEN: a, NEXT TOKEN: rr:RefObjectMap, LAST MAP: TriplesMap1
[2026-05-22][00:41:41] [WARNING] An unknown tokens has appeared in the objectMap parser, TOKEN: rr:RefObjectMap, NEXT TOKEN: rr:parentTriplesMap, LAST MAP: TriplesMap1
[2026-05-22][00:41:41] [WARNING] An Unidentified Element has appeared in the Term Index: 70. Term: .. Last Mapping: TriplesMap1 Last Token: ]
[2026-05-22][00:41:41] [PERFORMANCE INFO] The Procedure: "Parsing Mapping Files" Requiered the following time: 4 ms


[2026-05-22][00:41:41] [INFO] Starting to Read and Store all required data files
[2026-05-22][00:41:41] [INFO] Opening File: student.csv
[2026-05-22][00:41:41] [INFO] Opening File: sport.csv
[2026-05-22][00:41:41] [INFO] All the files is estimated to requiere 0 MB, TMP Database will be created in memory
[2026-05-22][00:41:41] [INFO] The following table was created in the database: "db-student-CSV"
[2026-05-22][00:41:41] [INFO] The following table was created in the database: "db-sport-CSV"
[2026-05-22][00:41:41] [INFO] File with ID:      0 was readed and closed.
[2026-05-22][00:41:41] [INFO] File with ID:      1 was readed and closed.
[2026-05-22][00:41:41] [PERFORMANCE INFO] The Procedure: "Reading and Storing Data Files" Requiered the following time: 0 ms


[2026-05-22][00:41:41] [INFO] Starting to create the RDF File from Mapping and Data Files
[2026-05-22][00:41:41] [INFO] RDF FROM DB TABLE: "db-student-CSV"               AND MAP: TriplesMap1
[2026-05-22][00:41:41] [INFO] RDF FROM DB TABLE: "db-sport-CSV"                 AND MAP: TriplesMap2
[2026-05-22][00:41:41] [WARNING] There is a missing prefix definition "<http:" for the following map: TriplesMap1
[2026-05-22][00:41:41] [PERFORMANCE INFO] The Procedure: "Create RDF File with all Data and Mappings" Requiered the following time: 0 ms
[2026-05-22][00:41:41] [INFO] Process Finished :) :) :)
