

[2026-05-22][00:42:24] [INFO] Starting to Parse all the given mapping files.
[2026-05-22][00:42:24] [INFO] Parsing File ID:  1 PATH: "/tmp/tmp5y8kaoc7/RMLTC0015a-JSON/mapping.ttl"
[2026-05-22][00:42:24] [WARNING] An unknown tokens has appeared in the objectMap parser, TOKEN: rr:language, NEXT TOKEN: "en", LAST MAP: TriplesMap1
[2026-05-22][00:42:24] [WARNING] An unknown tokens has appeared in the objectMap parser, TOKEN: "en", NEXT TOKEN: ], LAST MAP: TriplesMap1
[2026-05-22][00:42:24] [WARNING] An unknown tokens has appeared in the objectMap parser, TOKEN: rr:language, NEXT TOKEN: "es", LAST MAP: TriplesMap2
[2026-05-22][00:42:24] [WARNING] An unknown tokens has appeared in the objectMap parser, TOKEN: "es", NEXT TOKEN: ], LAST MAP: TriplesMap2
[2026-05-22][00:42:24] [PERFORMANCE INFO] The Procedure: "Parsing Mapping Files" Requiered the following time: 1 ms


[2026-05-22][00:42:24] [INFO] Starting to Read and Store all required data files
[2026-05-22][00:42:24] [INFO] Opening File: country_en.json
[2026-05-22][00:42:24] [INFO] Opening File: country_es.json
[2026-05-22][00:42:24] [INFO] All the files is estimated to requiere 0 MB, TMP Database will be created in memory
[2026-05-22][00:42:24] [INFO] The following table was created in the database: "db-country_en-JSON-$.countries[*]"
[2026-05-22][00:42:24] [INFO] The following table was created in the database: "db-country_es-JSON-$.countries[*]"
[2026-05-22][00:42:24] [INFO] File with ID:      0 was readed and closed.
[2026-05-22][00:42:24] [INFO] File with ID:      1 was readed and closed.
[2026-05-22][00:42:24] [PERFORMANCE INFO] The Procedure: "Reading and Storing Data Files" Requiered the following time: 0 ms


[2026-05-22][00:42:24] [INFO] Starting to create the RDF File from Mapping and Data Files
[2026-05-22][00:42:24] [INFO] RDF FROM DB TABLE: "db-country_en-JSON-$.countries[*]" AND MAP: TriplesMap1
[2026-05-22][00:42:24] [INFO] RDF FROM DB TABLE: "db-country_es-JSON-$.countries[*]" AND MAP: TriplesMap2
[2026-05-22][00:42:24] [PERFORMANCE INFO] The Procedure: "Create RDF File with all Data and Mappings" Requiered the following time: 0 ms
[2026-05-22][00:42:24] [INFO] Process Finished :) :) :)
