Installed 52 packages in 49ms
Traceback (most recent call last):
  File "/home/nico/.cache/uv/archive-v0/33o8-rHEogHCw8a-/lib/python3.12/site-packages/pandas/core/indexes/base.py", line 3812, in get_loc
    return self._engine.get_loc(casted_key)
           ^^^^^^^^^^^^^^^^^^^^^^^^^^^^^^^^
  File "pandas/_libs/index.pyx", line 167, in pandas._libs.index.IndexEngine.get_loc
  File "pandas/_libs/index.pyx", line 175, in pandas._libs.index.IndexEngine.get_loc
  File "pandas/_libs/index_class_helper.pxi", line 70, in pandas._libs.index.Int64Engine._check_type
KeyError: 'object_map'

The above exception was the direct cause of the following exception:

Traceback (most recent call last):
  File "<frozen runpy>", line 198, in _run_module_as_main
  File "<frozen runpy>", line 88, in _run_code
  File "/home/nico/.cache/uv/archive-v0/33o8-rHEogHCw8a-/lib/python3.12/site-packages/morph_kgc/__main__.py", line 63, in <module>
    rml_df, fnml_df, http_api_df = retrieve_mappings(config)
                                   ^^^^^^^^^^^^^^^^^^^^^^^^^
  File "/home/nico/.cache/uv/archive-v0/33o8-rHEogHCw8a-/lib/python3.12/site-packages/morph_kgc/mapping/mapping_parser.py", line 25, in retrieve_mappings
    rml_df, fnml_df, http_api_df = mappings_parser.parse_mappings()
                                   ^^^^^^^^^^^^^^^^^^^^^^^^^^^^^^^^
  File "/home/nico/.cache/uv/archive-v0/33o8-rHEogHCw8a-/lib/python3.12/site-packages/morph_kgc/mapping/mapping_parser.py", line 505, in parse_mappings
    self._get_from_r2_rml()
  File "/home/nico/.cache/uv/archive-v0/33o8-rHEogHCw8a-/lib/python3.12/site-packages/morph_kgc/mapping/mapping_parser.py", line 536, in _get_from_r2_rml
    data_source_rml_df, data_source_fnml_df, data_source_http_api_df = self._parse_data_source_mapping_files(section_name)
                                                                       ^^^^^^^^^^^^^^^^^^^^^^^^^^^^^^^^^^^^^^^^^^^^^^^^^^^
  File "/home/nico/.cache/uv/archive-v0/33o8-rHEogHCw8a-/lib/python3.12/site-packages/morph_kgc/mapping/mapping_parser.py", line 616, in _parse_data_source_mapping_files
    return _transform_mappings_into_dataframe(mapping_graph_validated, section_name)
           ^^^^^^^^^^^^^^^^^^^^^^^^^^^^^^^^^^^^^^^^^^^^^^^^^^^^^^^^^^^^^^^^^^^^^^^^^
  File "/home/nico/.cache/uv/archive-v0/33o8-rHEogHCw8a-/lib/python3.12/site-packages/morph_kgc/mapping/mapping_parser.py", line 370, in _transform_mappings_into_dataframe
    rml_df['object_join_conditions'] = rml_df['object_map'].map(join_conditions_dict)
                                       ~~~~~~^^^^^^^^^^^^^^
  File "/home/nico/.cache/uv/archive-v0/33o8-rHEogHCw8a-/lib/python3.12/site-packages/pandas/core/frame.py", line 4113, in __getitem__
    indexer = self.columns.get_loc(key)
              ^^^^^^^^^^^^^^^^^^^^^^^^^
  File "/home/nico/.cache/uv/archive-v0/33o8-rHEogHCw8a-/lib/python3.12/site-packages/pandas/core/indexes/base.py", line 3819, in get_loc
    raise KeyError(key) from err
KeyError: 'object_map'
