

[2026-05-22][00:42:15] [INFO] Starting to Parse all the given mapping files.
[2026-05-22][00:42:15] [INFO] Parsing File ID:  1 PATH: "/tmp/tmp3b0hitud/RMLTC0012b-SPARQL/mapping.ttl"
[2026-05-22][00:42:15] [WARNING] An Unidentified Element has appeared in the Term Index: 30. Term: a. Last Mapping: InputSPARQL1 Last Token: <#InputSPARQL1>
[2026-05-22][00:42:15] [WARNING] An Unidentified Element has appeared in the Term Index: 31. Term: sd:Service. Last Mapping: InputSPARQL1 Last Token: a
[2026-05-22][00:42:15] [WARNING] An Unidentified Element has appeared in the Term Index: 32. Term: sd:endpoint. Last Mapping: InputSPARQL1 Last Token: sd:Service
[2026-05-22][00:42:15] [WARNING] An Unidentified Element has appeared in the Term Index: 33. Term: <http://localhost:PORT/ds1/sparql>. Last Mapping: InputSPARQL1 Last Token: sd:endpoint
[2026-05-22][00:42:15] [WARNING] An Unidentified Element has appeared in the Term Index: 34. Term: sd:supportedLanguage. Last Mapping: InputSPARQL1 Last Token: <http://localhost:PORT/ds1/sparql>
[2026-05-22][00:42:15] [WARNING] An Unidentified Element has appeared in the Term Index: 35. Term: sd:SPARQL11Query. Last Mapping: InputSPARQL1 Last Token: sd:supportedLanguage
[2026-05-22][00:42:15] [WARNING] An Unidentified Element has appeared in the Term Index: 36. Term: sd:resultFormat. Last Mapping: InputSPARQL1 Last Token: sd:SPARQL11Query
[2026-05-22][00:42:15] [WARNING] An Unidentified Element has appeared in the Term Index: 37. Term: <http://www.w3.org/ns/formats/SPARQL_Results_JSON>. Last Mapping: InputSPARQL1 Last Token: sd:resultFormat
[2026-05-22][00:42:15] [WARNING] An Unidentified Element has appeared in the Term Index: 38. Term: .. Last Mapping: InputSPARQL1 Last Token: <http://www.w3.org/ns/formats/SPARQL_Results_JSON>
[2026-05-22][00:42:15] [WARNING] An Unidentified Element has appeared in the Term Index: 40. Term: a. Last Mapping: InputSPARQL2 Last Token: <#InputSPARQL2>
[2026-05-22][00:42:15] [WARNING] An Unidentified Element has appeared in the Term Index: 41. Term: sd:Service. Last Mapping: InputSPARQL2 Last Token: a
[2026-05-22][00:42:15] [WARNING] An Unidentified Element has appeared in the Term Index: 42. Term: sd:endpoint. Last Mapping: InputSPARQL2 Last Token: sd:Service
[2026-05-22][00:42:15] [WARNING] An Unidentified Element has appeared in the Term Index: 43. Term: <http://localhost:PORT/ds2/sparql>. Last Mapping: InputSPARQL2 Last Token: sd:endpoint
[2026-05-22][00:42:15] [WARNING] An Unidentified Element has appeared in the Term Index: 44. Term: sd:supportedLanguage. Last Mapping: InputSPARQL2 Last Token: <http://localhost:PORT/ds2/sparql>
[2026-05-22][00:42:15] [WARNING] An Unidentified Element has appeared in the Term Index: 45. Term: sd:SPARQL11Query. Last Mapping: InputSPARQL2 Last Token: sd:supportedLanguage
[2026-05-22][00:42:15] [WARNING] An Unidentified Element has appeared in the Term Index: 46. Term: sd:resultFormat. Last Mapping: InputSPARQL2 Last Token: sd:SPARQL11Query
[2026-05-22][00:42:15] [WARNING] An Unidentified Element has appeared in the Term Index: 47. Term: <http://www.w3.org/ns/formats/SPARQL_Results_JSON>. Last Mapping: InputSPARQL2 Last Token: sd:resultFormat
[2026-05-22][00:42:15] [WARNING] An Unidentified Element has appeared in the Term Index: 48. Term: .. Last Mapping: InputSPARQL2 Last Token: <http://www.w3.org/ns/formats/SPARQL_Results_JSON>
[2026-05-22][00:42:15] [WARNING] Some unknown tokens has appeared in the logicalSource, TOKEN: rml:query LAST MAP: TriplesMap1
[2026-05-22][00:42:15] [WARNING] Some unknown tokens has appeared in the logicalSource, TOKEN: """ LAST MAP: TriplesMap1
[2026-05-22][00:42:15] [WARNING] Some unknown tokens has appeared in the logicalSource, TOKEN: PREFIX LAST MAP: TriplesMap1
[2026-05-22][00:42:15] [WARNING] Some unknown tokens has appeared in the logicalSource, TOKEN: rdfs: LAST MAP: TriplesMap1
[2026-05-22][00:42:15] [WARNING] Some unknown tokens has appeared in the logicalSource, TOKEN: <http://www.w3.org/2000/01/rdf-schema#> LAST MAP: TriplesMap1
[2026-05-22][00:42:15] [WARNING] Some unknown tokens has appeared in the logicalSource, TOKEN: PREFIX LAST MAP: TriplesMap1
[2026-05-22][00:42:15] [WARNING] Some unknown tokens has appeared in the logicalSource, TOKEN: foaf: LAST MAP: TriplesMap1
[2026-05-22][00:42:15] [WARNING] Some unknown tokens has appeared in the logicalSource, TOKEN: <http://xmlns.com/foaf/0.1/> LAST MAP: TriplesMap1
[2026-05-22][00:42:15] [WARNING] Some unknown tokens has appeared in the logicalSource, TOKEN: PREFIX LAST MAP: TriplesMap1
[2026-05-22][00:42:15] [WARNING] Some unknown tokens has appeared in the logicalSource, TOKEN: rdf: LAST MAP: TriplesMap1
[2026-05-22][00:42:15] [WARNING] Some unknown tokens has appeared in the logicalSource, TOKEN: <http://www.w3.org/1999/02/22-rdf-syntax-ns#> LAST MAP: TriplesMap1
[2026-05-22][00:42:15] [WARNING] Some unknown tokens has appeared in the logicalSource, TOKEN: SELECT LAST MAP: TriplesMap1
[2026-05-22][00:42:15] [WARNING] Some unknown tokens has appeared in the logicalSource, TOKEN: ?fname LAST MAP: TriplesMap1
[2026-05-22][00:42:15] [WARNING] Some unknown tokens has appeared in the logicalSource, TOKEN: ?lname LAST MAP: TriplesMap1
[2026-05-22][00:42:15] [WARNING] Some unknown tokens has appeared in the logicalSource, TOKEN: WHERE LAST MAP: TriplesMap1
[2026-05-22][00:42:15] [WARNING] Some unknown tokens has appeared in the logicalSource, TOKEN: { LAST MAP: TriplesMap1
[2026-05-22][00:42:15] [WARNING] Some unknown tokens has appeared in the logicalSource, TOKEN: ?x LAST MAP: TriplesMap1
[2026-05-22][00:42:15] [WARNING] Some unknown tokens has appeared in the logicalSource, TOKEN: foaf:firstName LAST MAP: TriplesMap1
[2026-05-22][00:42:15] [WARNING] Some unknown tokens has appeared in the logicalSource, TOKEN: ?fname LAST MAP: TriplesMap1
[2026-05-22][00:42:15] [WARNING] Some unknown tokens has appeared in the logicalSource, TOKEN: foaf:lastName LAST MAP: TriplesMap1
[2026-05-22][00:42:15] [WARNING] Some unknown tokens has appeared in the logicalSource, TOKEN: ?lname LAST MAP: TriplesMap1
[2026-05-22][00:42:15] [WARNING] Some unknown tokens has appeared in the logicalSource, TOKEN: } LAST MAP: TriplesMap1
[2026-05-22][00:42:15] [WARNING] Some unknown tokens has appeared in the logicalSource, TOKEN: """ LAST MAP: TriplesMap1
[2026-05-22][00:42:15] [WARNING] An unknown tokens has appeared in the objectMap parser, TOKEN: {lname.value}", NEXT TOKEN: rr:termType, LAST MAP: TriplesMap1
[2026-05-22][00:42:15] [WARNING] An Unidentified Element has appeared in the Term Index: 104. Term: .. Last Mapping: TriplesMap1 Last Token: ]
[2026-05-22][00:42:15] [WARNING] Some unknown tokens has appeared in the logicalSource, TOKEN: rml:query LAST MAP: TriplesMap2
[2026-05-22][00:42:15] [WARNING] Some unknown tokens has appeared in the logicalSource, TOKEN: """ LAST MAP: TriplesMap2
[2026-05-22][00:42:15] [WARNING] Some unknown tokens has appeared in the logicalSource, TOKEN: PREFIX LAST MAP: TriplesMap2
[2026-05-22][00:42:15] [WARNING] Some unknown tokens has appeared in the logicalSource, TOKEN: rdfs: LAST MAP: TriplesMap2
[2026-05-22][00:42:15] [WARNING] Some unknown tokens has appeared in the logicalSource, TOKEN: <http://www.w3.org/2000/01/rdf-schema#> LAST MAP: TriplesMap2
[2026-05-22][00:42:15] [WARNING] Some unknown tokens has appeared in the logicalSource, TOKEN: PREFIX LAST MAP: TriplesMap2
[2026-05-22][00:42:15] [WARNING] Some unknown tokens has appeared in the logicalSource, TOKEN: foaf: LAST MAP: TriplesMap2
[2026-05-22][00:42:15] [WARNING] Some unknown tokens has appeared in the logicalSource, TOKEN: <http://xmlns.com/foaf/0.1/> LAST MAP: TriplesMap2
[2026-05-22][00:42:15] [WARNING] Some unknown tokens has appeared in the logicalSource, TOKEN: PREFIX LAST MAP: TriplesMap2
[2026-05-22][00:42:15] [WARNING] Some unknown tokens has appeared in the logicalSource, TOKEN: rdf: LAST MAP: TriplesMap2
[2026-05-22][00:42:15] [WARNING] Some unknown tokens has appeared in the logicalSource, TOKEN: <http://www.w3.org/1999/02/22-rdf-syntax-ns#> LAST MAP: TriplesMap2
[2026-05-22][00:42:15] [WARNING] Some unknown tokens has appeared in the logicalSource, TOKEN: SELECT LAST MAP: TriplesMap2
[2026-05-22][00:42:15] [WARNING] Some unknown tokens has appeared in the logicalSource, TOKEN: ?city LAST MAP: TriplesMap2
[2026-05-22][00:42:15] [WARNING] Some unknown tokens has appeared in the logicalSource, TOKEN: ?fname LAST MAP: TriplesMap2
[2026-05-22][00:42:15] [WARNING] Some unknown tokens has appeared in the logicalSource, TOKEN: ?lname LAST MAP: TriplesMap2
[2026-05-22][00:42:15] [WARNING] Some unknown tokens has appeared in the logicalSource, TOKEN: WHERE LAST MAP: TriplesMap2
[2026-05-22][00:42:15] [WARNING] Some unknown tokens has appeared in the logicalSource, TOKEN: { LAST MAP: TriplesMap2
[2026-05-22][00:42:15] [WARNING] Some unknown tokens has appeared in the logicalSource, TOKEN: ?x LAST MAP: TriplesMap2
[2026-05-22][00:42:15] [WARNING] Some unknown tokens has appeared in the logicalSource, TOKEN: foaf:firstName LAST MAP: TriplesMap2
[2026-05-22][00:42:15] [WARNING] Some unknown tokens has appeared in the logicalSource, TOKEN: ?fname LAST MAP: TriplesMap2
[2026-05-22][00:42:15] [WARNING] Some unknown tokens has appeared in the logicalSource, TOKEN: foaf:lastName LAST MAP: TriplesMap2
[2026-05-22][00:42:15] [WARNING] Some unknown tokens has appeared in the logicalSource, TOKEN: ?lname LAST MAP: TriplesMap2
[2026-05-22][00:42:15] [WARNING] Some unknown tokens has appeared in the logicalSource, TOKEN: <http://example.com/city> LAST MAP: TriplesMap2
[2026-05-22][00:42:15] [WARNING] Some unknown tokens has appeared in the logicalSource, TOKEN: ?city LAST MAP: TriplesMap2
[2026-05-22][00:42:15] [WARNING] Some unknown tokens has appeared in the logicalSource, TOKEN: . LAST MAP: TriplesMap2
[2026-05-22][00:42:15] [WARNING] Some unknown tokens has appeared in the logicalSource, TOKEN: } LAST MAP: TriplesMap2
[2026-05-22][00:42:15] [WARNING] Some unknown tokens has appeared in the logicalSource, TOKEN: """ LAST MAP: TriplesMap2
[2026-05-22][00:42:15] [ERROR] Unknown Token has Appeared in a PredicateMap: [ LAST MAP: TriplesMap2
[2026-05-22][00:42:15] [ERROR] Process Finished Due to an error. ERROR CODE: IncorrectMappingFormat
