java.lang.RuntimeException: Language tag "english" does not conform to BCP 47 standards
01:01:51.786 [main] ERROR be.ugent.rml.cli.Main               .run(478) - Language tag "english" does not conform to BCP 47 standards
java.lang.RuntimeException: Language tag "english" does not conform to BCP 47 standards
	at be.ugent.rml.MappingFactory.lambda$getLanguageExecutorsForObjectMap$0(MappingFactory.java:558)
	at java.base/java.util.stream.ForEachOps$ForEachOp$OfRef.accept(ForEachOps.java:184)
	at java.base/java.util.stream.ReferencePipeline$3$1.accept(ReferencePipeline.java:197)
	at java.base/java.util.ArrayList$ArrayListSpliterator.forEachRemaining(ArrayList.java:1708)
	at java.base/java.util.stream.AbstractPipeline.copyInto(AbstractPipeline.java:509)
	at java.base/java.util.stream.AbstractPipeline.wrapAndCopyInto(AbstractPipeline.java:499)
	at java.base/java.util.stream.ForEachOps$ForEachOp.evaluateSequential(ForEachOps.java:151)
	at java.base/java.util.stream.ForEachOps$ForEachOp$OfRef.evaluateSequential(ForEachOps.java:174)
	at java.base/java.util.stream.AbstractPipeline.evaluate(AbstractPipeline.java:234)
	at java.base/java.util.stream.ReferencePipeline.forEach(ReferencePipeline.java:596)
	at be.ugent.rml.MappingFactory.getLanguageExecutorsForObjectMap(MappingFactory.java:557)
	at be.ugent.rml.MappingFactory.parseObjectMapWithCallback(MappingFactory.java:239)
	at be.ugent.rml.MappingFactory.parseObjectMapsAndShortcutsWithCallback(MappingFactory.java:201)
	at be.ugent.rml.MappingFactory.parseObjectMapsAndShortcutsAndGeneratePOGGenerators(MappingFactory.java:168)
	at be.ugent.rml.MappingFactory.parsePredicateObjectMaps(MappingFactory.java:163)
	at be.ugent.rml.MappingFactory.createMapping(MappingFactory.java:75)
	at be.ugent.rml.Initializer.extractMappings(Initializer.java:50)
	at be.ugent.rml.Initializer.<init>(Initializer.java:45)
	at be.ugent.rml.Executor.<init>(Executor.java:94)
	at be.ugent.rml.cli.Main.run(Main.java:416)
	at be.ugent.rml.cli.Main.main(Main.java:49)
