

[2026-05-22][00:42:08] [INFO] Starting to Parse all the given mapping files.
[2026-05-22][00:42:08] [INFO] Parsing File ID:  1 PATH: "/tmp/tmp866pupqz/RMLTC0011b-XML/mapping.ttl"
[2026-05-22][00:42:08] [PERFORMANCE INFO] The Procedure: "Parsing Mapping Files" Requiered the following time: 4 ms


[2026-05-22][00:42:08] [INFO] Starting to Read and Store all required data files
[2026-05-22][00:42:08] [INFO] Opening File: student_sport.xml
[2026-05-22][00:42:08] [INFO] Opening File: sport.xml
[2026-05-22][00:42:08] [INFO] Opening File: student.xml
[2026-05-22][00:42:08] [INFO] All the files is estimated to requiere 0 MB, TMP Database will be created in memory
[2026-05-22][00:42:08] [INFO] The following table was created in the database: "db-student_sport-XML-/links/link"
[2026-05-22][00:42:08] [INFO] The following table was created in the database: "db-sport-XML-/Sports/Sport"
[2026-05-22][00:42:08] [INFO] The following table was created in the database: "db-student-XML-/Students/Student"
[2026-05-22][00:42:08] [INFO] File with ID:      0 was readed and closed.
[2026-05-22][00:42:08] [INFO] File with ID:      1 was readed and closed.
[2026-05-22][00:42:08] [INFO] File with ID:      2 was readed and closed.
[2026-05-22][00:42:08] [PERFORMANCE INFO] The Procedure: "Reading and Storing Data Files" Requiered the following time: 0 ms


[2026-05-22][00:42:08] [INFO] Starting to create the RDF File from Mapping and Data Files
[2026-05-22][00:42:08] [INFO] RDF FROM DB TABLE: "db-student-XML-/Students/Student" AND MAP: TriplesMap1
[2026-05-22][00:42:08] [INFO] RDF FROM DB TABLE: "db-sport-XML-/Sports/Sport"   AND MAP: TriplesMap2
[2026-05-22][00:42:08] [INFO] RDF FROM DB TABLE: "db-student_sport-XML-/links/link" AND MAP: LinkMap_1_2
[2026-05-22][00:42:08] [PERFORMANCE INFO] The Procedure: "Create RDF File with all Data and Mappings" Requiered the following time: 0 ms
[2026-05-22][00:42:08] [INFO] Process Finished :) :) :)
