

[2026-05-22][00:41:57] [INFO] Starting to Parse all the given mapping files.
[2026-05-22][00:41:57] [INFO] Parsing File ID:  1 PATH: "/tmp/tmp883j6gd6/RMLTC0009b-SPARQL/mapping.ttl"
[2026-05-22][00:41:57] [WARNING] An Unidentified Element has appeared in the Term Index: 33. Term: a. Last Mapping: InputSPARQL1 Last Token: <#InputSPARQL1>
[2026-05-22][00:41:57] [WARNING] An Unidentified Element has appeared in the Term Index: 34. Term: sd:Service. Last Mapping: InputSPARQL1 Last Token: a
[2026-05-22][00:41:57] [WARNING] An Unidentified Element has appeared in the Term Index: 35. Term: sd:endpoint. Last Mapping: InputSPARQL1 Last Token: sd:Service
[2026-05-22][00:41:57] [WARNING] An Unidentified Element has appeared in the Term Index: 36. Term: <http://localhost:PORT/ds1/sparql>. Last Mapping: InputSPARQL1 Last Token: sd:endpoint
[2026-05-22][00:41:57] [WARNING] An Unidentified Element has appeared in the Term Index: 37. Term: sd:supportedLanguage. Last Mapping: InputSPARQL1 Last Token: <http://localhost:PORT/ds1/sparql>
[2026-05-22][00:41:57] [WARNING] An Unidentified Element has appeared in the Term Index: 38. Term: sd:SPARQL11Query. Last Mapping: InputSPARQL1 Last Token: sd:supportedLanguage
[2026-05-22][00:41:57] [WARNING] An Unidentified Element has appeared in the Term Index: 39. Term: sd:resultFormat. Last Mapping: InputSPARQL1 Last Token: sd:SPARQL11Query
[2026-05-22][00:41:57] [WARNING] An Unidentified Element has appeared in the Term Index: 40. Term: <http://www.w3.org/ns/formats/SPARQL_Results_JSON>. Last Mapping: InputSPARQL1 Last Token: sd:resultFormat
[2026-05-22][00:41:57] [WARNING] An Unidentified Element has appeared in the Term Index: 41. Term: .. Last Mapping: InputSPARQL1 Last Token: <http://www.w3.org/ns/formats/SPARQL_Results_JSON>
[2026-05-22][00:41:57] [WARNING] An Unidentified Element has appeared in the Term Index: 43. Term: a. Last Mapping: InputSPARQL2 Last Token: <#InputSPARQL2>
[2026-05-22][00:41:57] [WARNING] An Unidentified Element has appeared in the Term Index: 44. Term: sd:Service. Last Mapping: InputSPARQL2 Last Token: a
[2026-05-22][00:41:57] [WARNING] An Unidentified Element has appeared in the Term Index: 45. Term: sd:endpoint. Last Mapping: InputSPARQL2 Last Token: sd:Service
[2026-05-22][00:41:57] [WARNING] An Unidentified Element has appeared in the Term Index: 46. Term: <http://localhost:PORT/ds2/sparql>. Last Mapping: InputSPARQL2 Last Token: sd:endpoint
[2026-05-22][00:41:57] [WARNING] An Unidentified Element has appeared in the Term Index: 47. Term: sd:supportedLanguage. Last Mapping: InputSPARQL2 Last Token: <http://localhost:PORT/ds2/sparql>
[2026-05-22][00:41:57] [WARNING] An Unidentified Element has appeared in the Term Index: 48. Term: sd:SPARQL11Query. Last Mapping: InputSPARQL2 Last Token: sd:supportedLanguage
[2026-05-22][00:41:57] [WARNING] An Unidentified Element has appeared in the Term Index: 49. Term: sd:resultFormat. Last Mapping: InputSPARQL2 Last Token: sd:SPARQL11Query
[2026-05-22][00:41:57] [WARNING] An Unidentified Element has appeared in the Term Index: 50. Term: <http://www.w3.org/ns/formats/SPARQL_Results_JSON>. Last Mapping: InputSPARQL2 Last Token: sd:resultFormat
[2026-05-22][00:41:57] [WARNING] An Unidentified Element has appeared in the Term Index: 51. Term: .. Last Mapping: InputSPARQL2 Last Token: <http://www.w3.org/ns/formats/SPARQL_Results_JSON>
[2026-05-22][00:41:57] [WARNING] Some unknown tokens has appeared in the logicalSource, TOKEN: rml:query LAST MAP: TriplesMap1
[2026-05-22][00:41:57] [WARNING] Some unknown tokens has appeared in the logicalSource, TOKEN: """ LAST MAP: TriplesMap1
[2026-05-22][00:41:57] [WARNING] Some unknown tokens has appeared in the logicalSource, TOKEN: PREFIX LAST MAP: TriplesMap1
[2026-05-22][00:41:57] [WARNING] Some unknown tokens has appeared in the logicalSource, TOKEN: rdfs: LAST MAP: TriplesMap1
[2026-05-22][00:41:57] [WARNING] Some unknown tokens has appeared in the logicalSource, TOKEN: <http://www.w3.org/2000/01/rdf-schema#> LAST MAP: TriplesMap1
[2026-05-22][00:41:57] [WARNING] Some unknown tokens has appeared in the logicalSource, TOKEN: PREFIX LAST MAP: TriplesMap1
[2026-05-22][00:41:57] [WARNING] Some unknown tokens has appeared in the logicalSource, TOKEN: foaf: LAST MAP: TriplesMap1
[2026-05-22][00:41:57] [WARNING] Some unknown tokens has appeared in the logicalSource, TOKEN: <http://xmlns.com/foaf/0.1/> LAST MAP: TriplesMap1
[2026-05-22][00:41:57] [WARNING] Some unknown tokens has appeared in the logicalSource, TOKEN: PREFIX LAST MAP: TriplesMap1
[2026-05-22][00:41:57] [WARNING] Some unknown tokens has appeared in the logicalSource, TOKEN: rdf: LAST MAP: TriplesMap1
[2026-05-22][00:41:57] [WARNING] Some unknown tokens has appeared in the logicalSource, TOKEN: <http://www.w3.org/1999/02/22-rdf-syntax-ns#> LAST MAP: TriplesMap1
[2026-05-22][00:41:57] [WARNING] Some unknown tokens has appeared in the logicalSource, TOKEN: SELECT LAST MAP: TriplesMap1
[2026-05-22][00:41:57] [WARNING] Some unknown tokens has appeared in the logicalSource, TOKEN: ?Name LAST MAP: TriplesMap1
[2026-05-22][00:41:57] [WARNING] Some unknown tokens has appeared in the logicalSource, TOKEN: ?ID LAST MAP: TriplesMap1
[2026-05-22][00:41:57] [WARNING] Some unknown tokens has appeared in the logicalSource, TOKEN: ?Sport LAST MAP: TriplesMap1
[2026-05-22][00:41:57] [WARNING] Some unknown tokens has appeared in the logicalSource, TOKEN: WHERE LAST MAP: TriplesMap1
[2026-05-22][00:41:57] [WARNING] Some unknown tokens has appeared in the logicalSource, TOKEN: { LAST MAP: TriplesMap1
[2026-05-22][00:41:57] [WARNING] Some unknown tokens has appeared in the logicalSource, TOKEN: ?x LAST MAP: TriplesMap1
[2026-05-22][00:41:57] [WARNING] Some unknown tokens has appeared in the logicalSource, TOKEN: foaf:name LAST MAP: TriplesMap1
[2026-05-22][00:41:57] [WARNING] Some unknown tokens has appeared in the logicalSource, TOKEN: ?Name LAST MAP: TriplesMap1
[2026-05-22][00:41:57] [WARNING] Some unknown tokens has appeared in the logicalSource, TOKEN: rdf:ID LAST MAP: TriplesMap1
[2026-05-22][00:41:57] [WARNING] Some unknown tokens has appeared in the logicalSource, TOKEN: ?ID LAST MAP: TriplesMap1
[2026-05-22][00:41:57] [WARNING] Some unknown tokens has appeared in the logicalSource, TOKEN: <http://example.com/plays> LAST MAP: TriplesMap1
[2026-05-22][00:41:57] [WARNING] Some unknown tokens has appeared in the logicalSource, TOKEN: ?sportObject LAST MAP: TriplesMap1
[2026-05-22][00:41:57] [WARNING] Some unknown tokens has appeared in the logicalSource, TOKEN: . LAST MAP: TriplesMap1
[2026-05-22][00:41:57] [WARNING] Some unknown tokens has appeared in the logicalSource, TOKEN: OPTIONAL LAST MAP: TriplesMap1
[2026-05-22][00:41:57] [WARNING] Some unknown tokens has appeared in the logicalSource, TOKEN: { LAST MAP: TriplesMap1
[2026-05-22][00:41:57] [WARNING] Some unknown tokens has appeared in the logicalSource, TOKEN: ?sportObject LAST MAP: TriplesMap1
[2026-05-22][00:41:57] [WARNING] Some unknown tokens has appeared in the logicalSource, TOKEN: a LAST MAP: TriplesMap1
[2026-05-22][00:41:57] [WARNING] Some unknown tokens has appeared in the logicalSource, TOKEN: <http://example.com/Sport> LAST MAP: TriplesMap1
[2026-05-22][00:41:57] [WARNING] Some unknown tokens has appeared in the logicalSource, TOKEN: rdf:ID LAST MAP: TriplesMap1
[2026-05-22][00:41:57] [WARNING] Some unknown tokens has appeared in the logicalSource, TOKEN: ?Sport LAST MAP: TriplesMap1
[2026-05-22][00:41:57] [WARNING] Some unknown tokens has appeared in the logicalSource, TOKEN: . LAST MAP: TriplesMap1
[2026-05-22][00:41:57] [WARNING] Some unknown tokens has appeared in the logicalSource, TOKEN: } LAST MAP: TriplesMap1
[2026-05-22][00:41:57] [WARNING] Some unknown tokens has appeared in the logicalSource, TOKEN: } LAST MAP: TriplesMap1
[2026-05-22][00:41:57] [WARNING] Some unknown tokens has appeared in the logicalSource, TOKEN: """ LAST MAP: TriplesMap1
[2026-05-22][00:41:57] [ERROR] Unknown Token has Appeared in a PredicateMap: rr:graph LAST MAP: TriplesMap1
[2026-05-22][00:41:57] [ERROR] Process Finished Due to an error. ERROR CODE: IncorrectMappingFormat
