

[2026-05-22][00:42:26] [INFO] Starting to Parse all the given mapping files.
[2026-05-22][00:42:26] [INFO] Parsing File ID:  1 PATH: "/tmp/tmp0rj7okg8/RMLTC0015b-CSV/mapping.ttl"
[2026-05-22][00:42:26] [WARNING] An unknown tokens has appeared in the objectMap parser, TOKEN: rr:language, NEXT TOKEN: "english", LAST MAP: TriplesMap1
[2026-05-22][00:42:26] [WARNING] An unknown tokens has appeared in the objectMap parser, TOKEN: "english", NEXT TOKEN: ], LAST MAP: TriplesMap1
[2026-05-22][00:42:26] [WARNING] An Unidentified Element has appeared in the Term Index: 50. Term: .. Last Mapping: TriplesMap1 Last Token: ]
[2026-05-22][00:42:26] [WARNING] An unknown tokens has appeared in the objectMap parser, TOKEN: rr:language, NEXT TOKEN: "spanish", LAST MAP: TriplesMap2
[2026-05-22][00:42:26] [WARNING] An unknown tokens has appeared in the objectMap parser, TOKEN: "spanish", NEXT TOKEN: ], LAST MAP: TriplesMap2
[2026-05-22][00:42:26] [PERFORMANCE INFO] The Procedure: "Parsing Mapping Files" Requiered the following time: 3 ms


[2026-05-22][00:42:26] [INFO] Starting to Read and Store all required data files
[2026-05-22][00:42:26] [INFO] Opening File: country_en.csv
[2026-05-22][00:42:26] [INFO] Opening File: country_es.csv
[2026-05-22][00:42:26] [INFO] All the files is estimated to requiere 0 MB, TMP Database will be created in memory
[2026-05-22][00:42:26] [INFO] The following table was created in the database: "db-country_en-CSV"
[2026-05-22][00:42:26] [INFO] The following table was created in the database: "db-country_es-CSV"
[2026-05-22][00:42:26] [INFO] File with ID:      1 was readed and closed.
[2026-05-22][00:42:26] [INFO] File with ID:      0 was readed and closed.
[2026-05-22][00:42:26] [PERFORMANCE INFO] The Procedure: "Reading and Storing Data Files" Requiered the following time: 1 ms


[2026-05-22][00:42:26] [INFO] Starting to create the RDF File from Mapping and Data Files
[2026-05-22][00:42:26] [INFO] RDF FROM DB TABLE: "db-country_en-CSV"            AND MAP: TriplesMap1
[2026-05-22][00:42:26] [INFO] RDF FROM DB TABLE: "db-country_es-CSV"            AND MAP: TriplesMap2
[2026-05-22][00:42:26] [PERFORMANCE INFO] The Procedure: "Create RDF File with all Data and Mappings" Requiered the following time: 0 ms
[2026-05-22][00:42:26] [INFO] Process Finished :) :) :)
