

[2026-05-22][00:42:07] [INFO] Starting to Parse all the given mapping files.
[2026-05-22][00:42:07] [INFO] Parsing File ID:  1 PATH: "/tmp/tmp120lz043/RMLTC0011b-JSON/mapping.ttl"
[2026-05-22][00:42:07] [PERFORMANCE INFO] The Procedure: "Parsing Mapping Files" Requiered the following time: 3 ms


[2026-05-22][00:42:07] [INFO] Starting to Read and Store all required data files
[2026-05-22][00:42:07] [INFO] Opening File: student_sport.json
[2026-05-22][00:42:07] [INFO] Opening File: sport.json
[2026-05-22][00:42:07] [INFO] Opening File: student.json
[2026-05-22][00:42:07] [INFO] All the files is estimated to requiere 0 MB, TMP Database will be created in memory
[2026-05-22][00:42:07] [INFO] The following table was created in the database: "db-student_sport-JSON-$.links[*]"
[2026-05-22][00:42:07] [INFO] The following table was created in the database: "db-sport-JSON-$.sports[*]"
[2026-05-22][00:42:07] [INFO] The following table was created in the database: "db-student-JSON-$.students[*]"
[2026-05-22][00:42:07] [INFO] File with ID:      1 was readed and closed.
[2026-05-22][00:42:07] [INFO] File with ID:      0 was readed and closed.
[2026-05-22][00:42:07] [INFO] File with ID:      2 was readed and closed.
[2026-05-22][00:42:07] [PERFORMANCE INFO] The Procedure: "Reading and Storing Data Files" Requiered the following time: 0 ms


[2026-05-22][00:42:07] [INFO] Starting to create the RDF File from Mapping and Data Files
[2026-05-22][00:42:07] [INFO] RDF FROM DB TABLE: "db-student-JSON-$.students[*]" AND MAP: TriplesMap1
[2026-05-22][00:42:07] [INFO] RDF FROM DB TABLE: "db-sport-JSON-$.sports[*]"    AND MAP: TriplesMap2
[2026-05-22][00:42:07] [INFO] RDF FROM DB TABLE: "db-student_sport-JSON-$.links[*]" AND MAP: LinkMap_1_2
[2026-05-22][00:42:07] [PERFORMANCE INFO] The Procedure: "Create RDF File with all Data and Mappings" Requiered the following time: 0 ms
[2026-05-22][00:42:07] [INFO] Process Finished :) :) :)
