

[2026-05-22][00:42:06] [INFO] Starting to Parse all the given mapping files.
[2026-05-22][00:42:06] [INFO] Parsing File ID:  1 PATH: "/tmp/tmpdth6a6tv/RMLTC0011b-CSV/mapping.ttl"
[2026-05-22][00:42:06] [PERFORMANCE INFO] The Procedure: "Parsing Mapping Files" Requiered the following time: 3 ms


[2026-05-22][00:42:06] [INFO] Starting to Read and Store all required data files
[2026-05-22][00:42:06] [INFO] Opening File: student.csv
[2026-05-22][00:42:06] [INFO] Opening File: student_sport.csv
[2026-05-22][00:42:06] [INFO] Opening File: sport.csv
[2026-05-22][00:42:06] [INFO] All the files is estimated to requiere 0 MB, TMP Database will be created in memory
[2026-05-22][00:42:06] [INFO] The following table was created in the database: "db-student-CSV"
[2026-05-22][00:42:06] [INFO] The following table was created in the database: "db-student_sport-CSV"
[2026-05-22][00:42:06] [INFO] The following table was created in the database: "db-sport-CSV"
[2026-05-22][00:42:06] [INFO] File with ID:      1 was readed and closed.
[2026-05-22][00:42:06] [INFO] File with ID:      2 was readed and closed.
[2026-05-22][00:42:06] [INFO] File with ID:      0 was readed and closed.
[2026-05-22][00:42:06] [PERFORMANCE INFO] The Procedure: "Reading and Storing Data Files" Requiered the following time: 0 ms


[2026-05-22][00:42:06] [INFO] Starting to create the RDF File from Mapping and Data Files
[2026-05-22][00:42:06] [INFO] RDF FROM DB TABLE: "db-sport-CSV"                 AND MAP: TriplesMap2
[2026-05-22][00:42:06] [INFO] RDF FROM DB TABLE: "db-student-CSV"               AND MAP: TriplesMap1
[2026-05-22][00:42:06] [INFO] RDF FROM DB TABLE: "db-student_sport-CSV"         AND MAP: LinkMap_1_2
[2026-05-22][00:42:06] [PERFORMANCE INFO] The Procedure: "Create RDF File with all Data and Mappings" Requiered the following time: 0 ms
[2026-05-22][00:42:06] [INFO] Process Finished :) :) :)
